  [1m[36m (1.4ms)[0m  [1mCREATE TABLE "schema_migrations" ("version" varchar(255) NOT NULL) [0m
  [1m[35m (0.5ms)[0m  select sqlite_version(*)
  [1m[36m (1.6ms)[0m  [1mCREATE UNIQUE INDEX "unique_schema_migrations" ON "schema_migrations" ("version")[0m
  [1m[35mActiveRecord::SchemaMigration Load (0.1ms)[0m  SELECT "schema_migrations".* FROM "schema_migrations"
Migrating to CreateArticles (20150219233949)
  [1m[36m (0.1ms)[0m  [1mbegin transaction[0m
  [1m[35m (0.8ms)[0m  CREATE TABLE "articles" ("id" INTEGER PRIMARY KEY AUTOINCREMENT NOT NULL, "title" varchar(255), "text" text, "created_at" datetime, "updated_at" datetime) 
  [1m[36mSQL (0.2ms)[0m  [1mINSERT INTO "schema_migrations" ("version") VALUES (?)[0m  [["version", "20150219233949"]]
  [1m[35m (1.0ms)[0m  commit transaction
Migrating to CreateComments (20150220024105)
  [1m[36m (0.1ms)[0m  [1mbegin transaction[0m
  [1m[35m (0.4ms)[0m  CREATE TABLE "comments" ("id" INTEGER PRIMARY KEY AUTOINCREMENT NOT NULL, "commenter" varchar(255), "body" text, "created_at" datetime, "updated_at" datetime) 
  [1m[36mSQL (0.1ms)[0m  [1mINSERT INTO "schema_migrations" ("version") VALUES (?)[0m  [["version", "20150220024105"]]
  [1m[35m (0.9ms)[0m  commit transaction
Migrating to AddArticleIdToCommentsTable (20150220053815)
  [1m[36m (0.1ms)[0m  [1mbegin transaction[0m
  [1m[35m (1.3ms)[0m  ALTER TABLE "comments" ADD "article_id" integer
  [1m[36mSQL (0.1ms)[0m  [1mINSERT INTO "schema_migrations" ("version") VALUES (?)[0m  [["version", "20150220053815"]]
  [1m[35m (0.9ms)[0m  commit transaction
  [1m[36mActiveRecord::SchemaMigration Load (0.1ms)[0m  [1mSELECT "schema_migrations".* FROM "schema_migrations"[0m


Started GET "/" for 127.0.0.1 at 2015-02-21 00:41:37 +1100
  [1m[36mActiveRecord::SchemaMigration Load (0.7ms)[0m  [1mSELECT "schema_migrations".* FROM "schema_migrations"[0m
Processing by WelcomeController#index as HTML
  Rendered welcome/index.html.erb within layouts/application (2.9ms)
Completed 200 OK in 1885ms (Views: 1870.0ms | ActiveRecord: 0.0ms)


Started GET "/assets/comments.css?body=1" for 127.0.0.1 at 2015-02-21 00:41:40 +1100


Started GET "/assets/articles.css?body=1" for 127.0.0.1 at 2015-02-21 00:41:40 +1100


Started GET "/assets/application.css?body=1" for 127.0.0.1 at 2015-02-21 00:41:40 +1100


Started GET "/assets/jquery.js?body=1" for 127.0.0.1 at 2015-02-21 00:41:40 +1100


Started GET "/assets/jquery_ujs.js?body=1" for 127.0.0.1 at 2015-02-21 00:41:40 +1100


Started GET "/assets/welcome.css?body=1" for 127.0.0.1 at 2015-02-21 00:41:40 +1100


Started GET "/assets/turbolinks.js?body=1" for 127.0.0.1 at 2015-02-21 00:41:40 +1100


Started GET "/assets/articles.js?body=1" for 127.0.0.1 at 2015-02-21 00:41:40 +1100


Started GET "/assets/comments.js?body=1" for 127.0.0.1 at 2015-02-21 00:41:40 +1100


Started GET "/assets/welcome.js?body=1" for 127.0.0.1 at 2015-02-21 00:41:40 +1100


Started GET "/assets/application.js?body=1" for 127.0.0.1 at 2015-02-21 00:41:40 +1100


Started GET "/articles" for 127.0.0.1 at 2015-02-21 00:41:42 +1100
Processing by ArticlesController#index as HTML
  [1m[35mArticle Load (0.7ms)[0m  SELECT "articles".* FROM "articles"
  Rendered articles/index.html.erb within layouts/application (2.3ms)
Completed 200 OK in 82ms (Views: 72.9ms | ActiveRecord: 0.7ms)


Started GET "/articles/new" for 127.0.0.1 at 2015-02-21 00:41:43 +1100
Processing by ArticlesController#new as HTML
  Rendered articles/_form.html.erb (28.0ms)
  Rendered articles/new.html.erb within layouts/application (41.0ms)
Completed 200 OK in 111ms (Views: 109.2ms | ActiveRecord: 0.4ms)


Started POST "/articles" for 127.0.0.1 at 2015-02-21 00:41:48 +1100
Processing by ArticlesController#create as HTML
  Parameters: {"utf8"=>"✓", "authenticity_token"=>"M+GnDVrcDITn7l6rdx1maWQe+CHCt6y29yG40/MzKz4=", "article"=>{"title"=>"asdfasdf", "text"=>"asdfsdfa"}, "commit"=>"Save Article"}
  [1m[36m (0.1ms)[0m  [1mbegin transaction[0m
  [1m[35mSQL (1.2ms)[0m  INSERT INTO "articles" ("created_at", "text", "title", "updated_at") VALUES (?, ?, ?, ?)  [["created_at", "2015-02-20 13:41:48.010408"], ["text", "asdfsdfa"], ["title", "asdfasdf"], ["updated_at", "2015-02-20 13:41:48.010408"]]
  [1m[36m (0.8ms)[0m  [1mcommit transaction[0m
Redirected to http://localhost:3000/articles/1
Completed 302 Found in 10ms (ActiveRecord: 2.1ms)


Started GET "/articles/1" for 127.0.0.1 at 2015-02-21 00:41:48 +1100
Processing by ArticlesController#show as HTML
  Parameters: {"id"=>"1"}
  [1m[35mArticle Load (0.2ms)[0m  SELECT  "articles".* FROM "articles"  WHERE "articles"."id" = ? LIMIT 1  [["id", 1]]
  [1m[36mComment Load (0.2ms)[0m  [1mSELECT "comments".* FROM "comments"  WHERE "comments"."article_id" = ?[0m  [["article_id", 1]]
  Rendered collection (0.0ms)
  Rendered comments/_form.html.erb (19.3ms)
  Rendered articles/show.html.erb within layouts/application (44.7ms)
Completed 200 OK in 130ms (Views: 127.4ms | ActiveRecord: 0.8ms)


Started GET "/" for 127.0.0.1 at 2015-02-23 09:57:27 +1100
  [1m[36mActiveRecord::SchemaMigration Load (1.7ms)[0m  [1mSELECT "schema_migrations".* FROM "schema_migrations"[0m
Processing by WelcomeController#index as HTML
  Rendered welcome/index.html.erb within layouts/application (2.5ms)
Completed 200 OK in 185ms (Views: 170.3ms | ActiveRecord: 0.0ms)


Started GET "/assets/articles.css?body=1" for 127.0.0.1 at 2015-02-23 09:57:27 +1100


Started GET "/assets/application.css?body=1" for 127.0.0.1 at 2015-02-23 09:57:27 +1100


Started GET "/assets/welcome.css?body=1" for 127.0.0.1 at 2015-02-23 09:57:27 +1100


Started GET "/assets/jquery.js?body=1" for 127.0.0.1 at 2015-02-23 09:57:27 +1100


Started GET "/assets/comments.css?body=1" for 127.0.0.1 at 2015-02-23 09:57:27 +1100


Started GET "/assets/jquery_ujs.js?body=1" for 127.0.0.1 at 2015-02-23 09:57:28 +1100


Started GET "/assets/turbolinks.js?body=1" for 127.0.0.1 at 2015-02-23 09:57:28 +1100


Started GET "/assets/articles.js?body=1" for 127.0.0.1 at 2015-02-23 09:57:28 +1100


Started GET "/assets/comments.js?body=1" for 127.0.0.1 at 2015-02-23 09:57:28 +1100


Started GET "/assets/welcome.js?body=1" for 127.0.0.1 at 2015-02-23 09:57:28 +1100


Started GET "/assets/application.js?body=1" for 127.0.0.1 at 2015-02-23 09:57:28 +1100


Started GET "/articles" for 127.0.0.1 at 2015-02-23 09:57:30 +1100
Processing by ArticlesController#index as HTML
  [1m[35mArticle Load (0.5ms)[0m  SELECT "articles".* FROM "articles"
  Rendered articles/index.html.erb within layouts/application (6.6ms)
Completed 200 OK in 95ms (Views: 81.7ms | ActiveRecord: 0.8ms)


Started GET "/articles/1" for 127.0.0.1 at 2015-02-23 09:57:32 +1100
Processing by ArticlesController#show as HTML
  Parameters: {"id"=>"1"}
  [1m[36mArticle Load (0.3ms)[0m  [1mSELECT  "articles".* FROM "articles"  WHERE "articles"."id" = ? LIMIT 1[0m  [["id", 1]]
  [1m[35mComment Load (0.6ms)[0m  SELECT "comments".* FROM "comments"  WHERE "comments"."article_id" = ?  [["article_id", 1]]
  Rendered collection (0.0ms)
  Rendered comments/_form.html.erb (32.7ms)
  Rendered articles/show.html.erb within layouts/application (81.9ms)
Completed 200 OK in 149ms (Views: 144.8ms | ActiveRecord: 1.3ms)


Started GET "/articles" for 127.0.0.1 at 2015-02-23 09:57:34 +1100
Processing by ArticlesController#index as HTML
  [1m[36mArticle Load (0.2ms)[0m  [1mSELECT "articles".* FROM "articles"[0m
  Rendered articles/index.html.erb within layouts/application (1.2ms)
Completed 200 OK in 70ms (Views: 69.1ms | ActiveRecord: 0.2ms)


Started GET "/articles/1/edit" for 127.0.0.1 at 2015-02-23 09:57:35 +1100
Processing by ArticlesController#edit as HTML
  Parameters: {"id"=>"1"}
  [1m[35mArticle Load (0.2ms)[0m  SELECT  "articles".* FROM "articles"  WHERE "articles"."id" = ? LIMIT 1  [["id", 1]]
  Rendered articles/_form.html.erb (2.5ms)
  Rendered articles/edit.html.erb within layouts/application (8.2ms)
Completed 200 OK in 86ms (Views: 84.1ms | ActiveRecord: 0.2ms)


Started POST "/articles" for 127.0.0.1 at 2015-02-23 09:57:39 +1100
Processing by ArticlesController#create as HTML
  Parameters: {"utf8"=>"✓", "authenticity_token"=>"M+GnDVrcDITn7l6rdx1maWQe+CHCt6y29yG40/MzKz4=", "article"=>{"title"=>"asdfasdf", "text"=>"asdfsdfajghjkg"}, "commit"=>"Save Article"}
  [1m[36m (0.1ms)[0m  [1mbegin transaction[0m
  [1m[35mSQL (0.9ms)[0m  INSERT INTO "articles" ("created_at", "text", "title", "updated_at") VALUES (?, ?, ?, ?)  [["created_at", "2015-02-22 22:57:39.665504"], ["text", "asdfsdfajghjkg"], ["title", "asdfasdf"], ["updated_at", "2015-02-22 22:57:39.665504"]]
  [1m[36m (1.1ms)[0m  [1mcommit transaction[0m
Redirected to http://localhost:3000/articles/2
Completed 302 Found in 7ms (ActiveRecord: 2.1ms)


Started GET "/articles/2" for 127.0.0.1 at 2015-02-23 09:57:39 +1100
Processing by ArticlesController#show as HTML
  Parameters: {"id"=>"2"}
  [1m[35mArticle Load (0.1ms)[0m  SELECT  "articles".* FROM "articles"  WHERE "articles"."id" = ? LIMIT 1  [["id", 2]]
  [1m[36mComment Load (0.2ms)[0m  [1mSELECT "comments".* FROM "comments"  WHERE "comments"."article_id" = ?[0m  [["article_id", 2]]
  Rendered collection (0.0ms)
  Rendered comments/_form.html.erb (3.6ms)
  Rendered articles/show.html.erb within layouts/application (10.4ms)
Completed 200 OK in 82ms (Views: 80.8ms | ActiveRecord: 0.3ms)


Started GET "/articles/2/edit" for 127.0.0.1 at 2015-02-23 09:57:42 +1100
Processing by ArticlesController#edit as HTML
  Parameters: {"id"=>"2"}
  [1m[35mArticle Load (0.1ms)[0m  SELECT  "articles".* FROM "articles"  WHERE "articles"."id" = ? LIMIT 1  [["id", 2]]
  Rendered articles/_form.html.erb (2.2ms)
  Rendered articles/edit.html.erb within layouts/application (6.2ms)
Completed 200 OK in 83ms (Views: 81.5ms | ActiveRecord: 0.1ms)


Started POST "/articles" for 127.0.0.1 at 2015-02-23 09:57:43 +1100
Processing by ArticlesController#create as HTML
  Parameters: {"utf8"=>"✓", "authenticity_token"=>"M+GnDVrcDITn7l6rdx1maWQe+CHCt6y29yG40/MzKz4=", "article"=>{"title"=>"asdfasdf", "text"=>"asdfsdfajghjkg"}, "commit"=>"Save Article"}
  [1m[36m (0.1ms)[0m  [1mbegin transaction[0m
  [1m[35mSQL (0.7ms)[0m  INSERT INTO "articles" ("created_at", "text", "title", "updated_at") VALUES (?, ?, ?, ?)  [["created_at", "2015-02-22 22:57:43.421771"], ["text", "asdfsdfajghjkg"], ["title", "asdfasdf"], ["updated_at", "2015-02-22 22:57:43.421771"]]
  [1m[36m (0.8ms)[0m  [1mcommit transaction[0m
Redirected to http://localhost:3000/articles/3
Completed 302 Found in 6ms (ActiveRecord: 1.6ms)


Started GET "/articles/3" for 127.0.0.1 at 2015-02-23 09:57:43 +1100
Processing by ArticlesController#show as HTML
  Parameters: {"id"=>"3"}
  [1m[35mArticle Load (0.2ms)[0m  SELECT  "articles".* FROM "articles"  WHERE "articles"."id" = ? LIMIT 1  [["id", 3]]
  [1m[36mComment Load (0.1ms)[0m  [1mSELECT "comments".* FROM "comments"  WHERE "comments"."article_id" = ?[0m  [["article_id", 3]]
  Rendered collection (0.0ms)
  Rendered comments/_form.html.erb (3.0ms)
  Rendered articles/show.html.erb within layouts/application (7.4ms)
Completed 200 OK in 77ms (Views: 75.3ms | ActiveRecord: 0.3ms)


Started GET "/articles" for 127.0.0.1 at 2015-02-23 09:57:44 +1100
Processing by ArticlesController#index as HTML
  [1m[35mArticle Load (0.2ms)[0m  SELECT "articles".* FROM "articles"
  Rendered articles/index.html.erb within layouts/application (2.5ms)
Completed 200 OK in 82ms (Views: 80.5ms | ActiveRecord: 0.2ms)


Started DELETE "/articles/2" for 127.0.0.1 at 2015-02-23 09:57:47 +1100
Processing by ArticlesController#destroy as HTML
  Parameters: {"authenticity_token"=>"M+GnDVrcDITn7l6rdx1maWQe+CHCt6y29yG40/MzKz4=", "id"=>"2"}
  [1m[36mArticle Load (0.1ms)[0m  [1mSELECT  "articles".* FROM "articles"  WHERE "articles"."id" = ? LIMIT 1[0m  [["id", 2]]
  [1m[35m (0.1ms)[0m  begin transaction
  [1m[36mComment Load (0.1ms)[0m  [1mSELECT "comments".* FROM "comments"  WHERE "comments"."article_id" = ?[0m  [["article_id", 2]]
  [1m[35mSQL (0.2ms)[0m  DELETE FROM "articles" WHERE "articles"."id" = ?  [["id", 2]]
  [1m[36m (0.9ms)[0m  [1mcommit transaction[0m
Redirected to http://localhost:3000/articles
Completed 302 Found in 5ms (ActiveRecord: 1.5ms)


Started GET "/articles" for 127.0.0.1 at 2015-02-23 09:57:47 +1100
Processing by ArticlesController#index as HTML
  [1m[35mArticle Load (0.2ms)[0m  SELECT "articles".* FROM "articles"
  Rendered articles/index.html.erb within layouts/application (2.4ms)
Completed 200 OK in 88ms (Views: 86.6ms | ActiveRecord: 0.2ms)


Started GET "/articles/new" for 127.0.0.1 at 2015-02-23 09:57:48 +1100
Processing by ArticlesController#new as HTML
  Rendered articles/_form.html.erb (2.0ms)
  Rendered articles/new.html.erb within layouts/application (6.6ms)
Completed 200 OK in 70ms (Views: 69.3ms | ActiveRecord: 0.0ms)


Started POST "/articles" for 127.0.0.1 at 2015-02-23 09:57:51 +1100
Processing by ArticlesController#create as HTML
  Parameters: {"utf8"=>"✓", "authenticity_token"=>"M+GnDVrcDITn7l6rdx1maWQe+CHCt6y29yG40/MzKz4=", "article"=>{"title"=>"", "text"=>"jgkjhg"}, "commit"=>"Save Article"}
  [1m[36m (0.1ms)[0m  [1mbegin transaction[0m
  [1m[35m (0.1ms)[0m  rollback transaction
  Rendered articles/_form.html.erb (4.5ms)
  Rendered articles/new.html.erb within layouts/application (8.2ms)
Completed 200 OK in 86ms (Views: 81.8ms | ActiveRecord: 0.2ms)


Started POST "/articles" for 127.0.0.1 at 2015-02-23 09:57:54 +1100
Processing by ArticlesController#create as HTML
  Parameters: {"utf8"=>"✓", "authenticity_token"=>"M+GnDVrcDITn7l6rdx1maWQe+CHCt6y29yG40/MzKz4=", "article"=>{"title"=>"ihlkhlkh", "text"=>"jgkjhg"}, "commit"=>"Save Article"}
  [1m[36m (0.1ms)[0m  [1mbegin transaction[0m
  [1m[35mSQL (0.4ms)[0m  INSERT INTO "articles" ("created_at", "text", "title", "updated_at") VALUES (?, ?, ?, ?)  [["created_at", "2015-02-22 22:57:54.363753"], ["text", "jgkjhg"], ["title", "ihlkhlkh"], ["updated_at", "2015-02-22 22:57:54.363753"]]
  [1m[36m (0.9ms)[0m  [1mcommit transaction[0m
Redirected to http://localhost:3000/articles/4
Completed 302 Found in 6ms (ActiveRecord: 1.4ms)


Started GET "/articles/4" for 127.0.0.1 at 2015-02-23 09:57:54 +1100
Processing by ArticlesController#show as HTML
  Parameters: {"id"=>"4"}
  [1m[35mArticle Load (0.2ms)[0m  SELECT  "articles".* FROM "articles"  WHERE "articles"."id" = ? LIMIT 1  [["id", 4]]
  [1m[36mComment Load (0.1ms)[0m  [1mSELECT "comments".* FROM "comments"  WHERE "comments"."article_id" = ?[0m  [["article_id", 4]]
  Rendered collection (0.0ms)
  Rendered comments/_form.html.erb (2.8ms)
  Rendered articles/show.html.erb within layouts/application (6.8ms)
Completed 200 OK in 83ms (Views: 81.0ms | ActiveRecord: 0.3ms)


Started POST "/articles/4/comments" for 127.0.0.1 at 2015-02-23 09:57:59 +1100
Processing by CommentsController#create as HTML
  Parameters: {"utf8"=>"✓", "authenticity_token"=>"M+GnDVrcDITn7l6rdx1maWQe+CHCt6y29yG40/MzKz4=", "comment"=>{"commenter"=>"utguytu", "body"=>"kuytuyfjfjf"}, "commit"=>"Create Comment", "article_id"=>"4"}
  [1m[35mArticle Load (0.1ms)[0m  SELECT  "articles".* FROM "articles"  WHERE "articles"."id" = ? LIMIT 1  [["id", 4]]
  [1m[36m (0.1ms)[0m  [1mbegin transaction[0m
  [1m[35mSQL (0.3ms)[0m  INSERT INTO "comments" ("article_id", "body", "commenter", "created_at", "updated_at") VALUES (?, ?, ?, ?, ?)  [["article_id", 4], ["body", "kuytuyfjfjf"], ["commenter", "utguytu"], ["created_at", "2015-02-22 22:57:59.983720"], ["updated_at", "2015-02-22 22:57:59.983720"]]
  [1m[36m (0.8ms)[0m  [1mcommit transaction[0m
Redirected to http://localhost:3000/articles/4
Completed 302 Found in 6ms (ActiveRecord: 1.4ms)


Started GET "/articles/4" for 127.0.0.1 at 2015-02-23 09:57:59 +1100
Processing by ArticlesController#show as HTML
  Parameters: {"id"=>"4"}
  [1m[35mArticle Load (0.2ms)[0m  SELECT  "articles".* FROM "articles"  WHERE "articles"."id" = ? LIMIT 1  [["id", 4]]
  [1m[36mComment Load (0.2ms)[0m  [1mSELECT "comments".* FROM "comments"  WHERE "comments"."article_id" = ?[0m  [["article_id", 4]]
  Rendered comments/_comment.html.erb (1.0ms)
  Rendered comments/_form.html.erb (2.2ms)
  Rendered articles/show.html.erb within layouts/application (14.2ms)
Completed 200 OK in 87ms (Views: 84.6ms | ActiveRecord: 0.4ms)


Started DELETE "/articles/4/comments/1" for 127.0.0.1 at 2015-02-23 09:58:02 +1100
Processing by CommentsController#destroy as HTML
  Parameters: {"authenticity_token"=>"M+GnDVrcDITn7l6rdx1maWQe+CHCt6y29yG40/MzKz4=", "article_id"=>"4", "id"=>"1"}
  [1m[35mArticle Load (0.1ms)[0m  SELECT  "articles".* FROM "articles"  WHERE "articles"."id" = ? LIMIT 1  [["id", 4]]
  [1m[36mComment Load (0.2ms)[0m  [1mSELECT  "comments".* FROM "comments"  WHERE "comments"."article_id" = ? AND "comments"."id" = ? LIMIT 1[0m  [["article_id", 4], ["id", 1]]
  [1m[35m (0.1ms)[0m  begin transaction
  [1m[36mSQL (0.3ms)[0m  [1mDELETE FROM "comments" WHERE "comments"."id" = ?[0m  [["id", 1]]
  [1m[35m (0.8ms)[0m  commit transaction
Redirected to http://localhost:3000/articles/4
Completed 302 Found in 5ms (ActiveRecord: 1.5ms)


Started GET "/articles/4" for 127.0.0.1 at 2015-02-23 09:58:02 +1100
Processing by ArticlesController#show as HTML
  Parameters: {"id"=>"4"}
  [1m[36mArticle Load (0.1ms)[0m  [1mSELECT  "articles".* FROM "articles"  WHERE "articles"."id" = ? LIMIT 1[0m  [["id", 4]]
  [1m[35mComment Load (0.1ms)[0m  SELECT "comments".* FROM "comments"  WHERE "comments"."article_id" = ?  [["article_id", 4]]
  Rendered collection (0.1ms)
  Rendered comments/_form.html.erb (3.4ms)
  Rendered articles/show.html.erb within layouts/application (8.2ms)
Completed 200 OK in 82ms (Views: 79.3ms | ActiveRecord: 0.3ms)


Started GET "/articles" for 127.0.0.1 at 2015-02-23 09:58:06 +1100
Processing by ArticlesController#index as HTML
  [1m[36mArticle Load (0.3ms)[0m  [1mSELECT "articles".* FROM "articles"[0m
  Rendered articles/index.html.erb within layouts/application (2.0ms)
Completed 200 OK in 80ms (Views: 79.1ms | ActiveRecord: 0.3ms)


Started GET "/articles" for ::1 at 2015-02-23 10:00:25 +1100
  [1m[36mActiveRecord::SchemaMigration Load (0.2ms)[0m  [1mSELECT "schema_migrations".* FROM "schema_migrations"[0m
Processing by ArticlesController#index as HTML
  [1m[35mArticle Load (0.2ms)[0m  SELECT "articles".* FROM "articles"
  Rendered articles/index.html.erb within layouts/application (11.0ms)
Completed 200 OK in 234ms (Views: 211.0ms | ActiveRecord: 0.6ms)


Started GET "/assets/articles.css?body=1" for ::1 at 2015-02-23 10:00:25 +1100


Started GET "/assets/application.css?body=1" for ::1 at 2015-02-23 10:00:25 +1100


Started GET "/assets/welcome.css?body=1" for ::1 at 2015-02-23 10:00:25 +1100


Started GET "/assets/jquery_ujs.js?body=1" for ::1 at 2015-02-23 10:00:25 +1100


Started GET "/assets/jquery.js?body=1" for ::1 at 2015-02-23 10:00:25 +1100


Started GET "/assets/comments.css?body=1" for ::1 at 2015-02-23 10:00:25 +1100


Started GET "/assets/turbolinks.js?body=1" for ::1 at 2015-02-23 10:00:25 +1100


Started GET "/assets/articles.js?body=1" for ::1 at 2015-02-23 10:00:25 +1100


Started GET "/assets/comments.js?body=1" for ::1 at 2015-02-23 10:00:25 +1100


Started GET "/assets/welcome.js?body=1" for ::1 at 2015-02-23 10:00:25 +1100


Started GET "/assets/application.js?body=1" for ::1 at 2015-02-23 10:00:25 +1100


Started GET "/articles/3/edit" for ::1 at 2015-02-23 10:00:27 +1100
Processing by ArticlesController#edit as HTML
  Parameters: {"id"=>"3"}
  [1m[36mArticle Load (0.2ms)[0m  [1mSELECT  "articles".* FROM "articles" WHERE "articles"."id" = ? LIMIT 1[0m  [["id", 3]]
  Rendered articles/_form.html.erb (25.7ms)
  Rendered articles/edit.html.erb within layouts/application (35.4ms)
Completed 200 OK in 135ms (Views: 119.3ms | ActiveRecord: 0.2ms)


Started POST "/articles" for ::1 at 2015-02-23 10:00:30 +1100
Processing by ArticlesController#create as HTML
  Parameters: {"utf8"=>"✓", "authenticity_token"=>"FtR1TN0JSOdEgmb9CiDrf/+on4GXnGmx+Be8HVTrlPAlNdJBh9VEY6NsOFZ9PY0Wm7ZnoFUrxQcPNgTOp9i/zg==", "article"=>{"title"=>"asdfasdfjgjkh", "text"=>"asdfsdfajghjkg"}, "commit"=>"Save Article"}
  [1m[35m (0.1ms)[0m  begin transaction
  [1m[36mSQL (0.4ms)[0m  [1mINSERT INTO "articles" ("title", "text", "created_at", "updated_at") VALUES (?, ?, ?, ?)[0m  [["title", "asdfasdfjgjkh"], ["text", "asdfsdfajghjkg"], ["created_at", "2015-02-22 23:00:30.814485"], ["updated_at", "2015-02-22 23:00:30.814485"]]
  [1m[35m (1.0ms)[0m  commit transaction
Redirected to http://localhost:3000/articles/5
Completed 302 Found in 7ms (ActiveRecord: 1.5ms)


Started GET "/articles/5" for ::1 at 2015-02-23 10:00:30 +1100
Processing by ArticlesController#show as HTML
  Parameters: {"id"=>"5"}
  [1m[36mArticle Load (0.1ms)[0m  [1mSELECT  "articles".* FROM "articles" WHERE "articles"."id" = ? LIMIT 1[0m  [["id", 5]]
  [1m[35mComment Load (0.2ms)[0m  SELECT "comments".* FROM "comments" WHERE "comments"."article_id" = ?  [["article_id", 5]]
  Rendered collection (0.0ms)
  Rendered comments/_form.html.erb (13.8ms)
  Rendered articles/show.html.erb within layouts/application (40.7ms)
Completed 200 OK in 115ms (Views: 113.3ms | ActiveRecord: 0.7ms)


Started GET "/assets/articles.css?body=1" for ::1 at 2015-02-23 10:00:30 +1100


Started GET "/assets/comments.css?body=1" for ::1 at 2015-02-23 10:00:30 +1100


Started GET "/assets/application.css?body=1" for ::1 at 2015-02-23 10:00:30 +1100


Started GET "/assets/welcome.css?body=1" for ::1 at 2015-02-23 10:00:30 +1100


Started GET "/assets/articles.js?body=1" for ::1 at 2015-02-23 10:00:31 +1100


Started GET "/assets/comments.js?body=1" for ::1 at 2015-02-23 10:00:31 +1100


Started GET "/assets/turbolinks.js?body=1" for ::1 at 2015-02-23 10:00:31 +1100


Started GET "/assets/welcome.js?body=1" for ::1 at 2015-02-23 10:00:31 +1100


Started GET "/assets/application.js?body=1" for ::1 at 2015-02-23 10:00:31 +1100


Started POST "/articles/5/comments" for ::1 at 2015-02-23 10:00:35 +1100
Processing by CommentsController#create as HTML
  Parameters: {"utf8"=>"✓", "authenticity_token"=>"v/4rNYVNRHHciKYrbcmF4zQSfGgznPyMOA9BvmzuwbyMH4w435FI9Ttm+IAa1OOKUAyESfErUDrPLvltn93qgg==", "comment"=>{"commenter"=>"utkg", "body"=>"kjghkjghjkl"}, "commit"=>"Create Comment", "article_id"=>"5"}
  [1m[36mArticle Load (0.1ms)[0m  [1mSELECT  "articles".* FROM "articles" WHERE "articles"."id" = ? LIMIT 1[0m  [["id", 5]]
  [1m[35m (0.1ms)[0m  begin transaction
  [1m[36mSQL (0.5ms)[0m  [1mINSERT INTO "comments" ("commenter", "body", "article_id", "created_at", "updated_at") VALUES (?, ?, ?, ?, ?)[0m  [["commenter", "utkg"], ["body", "kjghkjghjkl"], ["article_id", 5], ["created_at", "2015-02-22 23:00:35.348211"], ["updated_at", "2015-02-22 23:00:35.348211"]]
  [1m[35m (0.8ms)[0m  commit transaction
Redirected to http://localhost:3000/articles/5
Completed 302 Found in 9ms (ActiveRecord: 1.5ms)


Started GET "/articles/5" for ::1 at 2015-02-23 10:00:35 +1100
Processing by ArticlesController#show as HTML
  Parameters: {"id"=>"5"}
  [1m[36mArticle Load (0.2ms)[0m  [1mSELECT  "articles".* FROM "articles" WHERE "articles"."id" = ? LIMIT 1[0m  [["id", 5]]
  [1m[35mComment Load (0.1ms)[0m  SELECT "comments".* FROM "comments" WHERE "comments"."article_id" = ?  [["article_id", 5]]
  Rendered comments/_comment.html.erb (1.0ms)
  Rendered comments/_form.html.erb (2.1ms)
  Rendered articles/show.html.erb within layouts/application (11.9ms)
Completed 200 OK in 82ms (Views: 80.0ms | ActiveRecord: 0.3ms)


Started GET "/assets/comments.css?body=1" for ::1 at 2015-02-23 10:00:35 +1100


Started GET "/assets/articles.css?body=1" for ::1 at 2015-02-23 10:00:35 +1100


Started GET "/assets/welcome.css?body=1" for ::1 at 2015-02-23 10:00:35 +1100


Started GET "/assets/turbolinks.js?body=1" for ::1 at 2015-02-23 10:00:35 +1100


Started GET "/assets/application.css?body=1" for ::1 at 2015-02-23 10:00:35 +1100


Started GET "/assets/articles.js?body=1" for ::1 at 2015-02-23 10:00:35 +1100


Started GET "/assets/comments.js?body=1" for ::1 at 2015-02-23 10:00:35 +1100


Started GET "/assets/welcome.js?body=1" for ::1 at 2015-02-23 10:00:35 +1100


Started GET "/assets/application.js?body=1" for ::1 at 2015-02-23 10:00:35 +1100


Started GET "/articles" for ::1 at 2015-02-23 10:00:37 +1100
Processing by ArticlesController#index as HTML
  [1m[36mArticle Load (0.2ms)[0m  [1mSELECT "articles".* FROM "articles"[0m
  Rendered articles/index.html.erb within layouts/application (2.5ms)
Completed 200 OK in 81ms (Views: 79.6ms | ActiveRecord: 0.2ms)


Started GET "/articles/4" for ::1 at 2015-02-23 10:00:38 +1100
Processing by ArticlesController#show as HTML
  Parameters: {"id"=>"4"}
  [1m[35mArticle Load (0.1ms)[0m  SELECT  "articles".* FROM "articles" WHERE "articles"."id" = ? LIMIT 1  [["id", 4]]
  [1m[36mComment Load (0.1ms)[0m  [1mSELECT "comments".* FROM "comments" WHERE "comments"."article_id" = ?[0m  [["article_id", 4]]
  Rendered collection (0.0ms)
  Rendered comments/_form.html.erb (3.2ms)
  Rendered articles/show.html.erb within layouts/application (9.9ms)
Completed 200 OK in 87ms (Views: 86.0ms | ActiveRecord: 0.3ms)


Started GET "/articles" for ::1 at 2015-02-23 10:00:40 +1100
Processing by ArticlesController#index as HTML
  [1m[35mArticle Load (0.2ms)[0m  SELECT "articles".* FROM "articles"
  Rendered articles/index.html.erb within layouts/application (2.3ms)
Completed 200 OK in 72ms (Views: 70.6ms | ActiveRecord: 0.2ms)


Started DELETE "/articles/4" for ::1 at 2015-02-23 10:00:42 +1100
Processing by ArticlesController#destroy as HTML
  Parameters: {"authenticity_token"=>"q5r6JtyNwBmBpzl2NBcUG998M1D09kRvkQiXseMWnSGYe10rhlHMnWZJZ91DCnJyu2LLcTZB6NlmKS9iECW2Hw==", "id"=>"4"}
  [1m[36mArticle Load (0.2ms)[0m  [1mSELECT  "articles".* FROM "articles" WHERE "articles"."id" = ? LIMIT 1[0m  [["id", 4]]
  [1m[35m (0.1ms)[0m  begin transaction
  [1m[36mComment Load (0.1ms)[0m  [1mSELECT "comments".* FROM "comments" WHERE "comments"."article_id" = ?[0m  [["article_id", 4]]
  [1m[35mSQL (0.4ms)[0m  DELETE FROM "articles" WHERE "articles"."id" = ?  [["id", 4]]
  [1m[36m (2.1ms)[0m  [1mcommit transaction[0m
Redirected to http://localhost:3000/articles
Completed 302 Found in 8ms (ActiveRecord: 2.9ms)


Started GET "/articles" for ::1 at 2015-02-23 10:00:42 +1100
Processing by ArticlesController#index as HTML
  [1m[35mArticle Load (0.2ms)[0m  SELECT "articles".* FROM "articles"
  Rendered articles/index.html.erb within layouts/application (1.8ms)
Completed 200 OK in 87ms (Views: 85.2ms | ActiveRecord: 0.2ms)


Started GET "/assets/articles.css?body=1" for ::1 at 2015-02-23 10:00:42 +1100


Started GET "/assets/turbolinks.js?body=1" for ::1 at 2015-02-23 10:00:42 +1100


Started GET "/assets/welcome.css?body=1" for ::1 at 2015-02-23 10:00:42 +1100


Started GET "/assets/articles.js?body=1" for ::1 at 2015-02-23 10:00:42 +1100


Started GET "/assets/comments.css?body=1" for ::1 at 2015-02-23 10:00:42 +1100


Started GET "/assets/application.css?body=1" for ::1 at 2015-02-23 10:00:42 +1100


Started GET "/assets/comments.js?body=1" for ::1 at 2015-02-23 10:00:42 +1100


Started GET "/assets/welcome.js?body=1" for ::1 at 2015-02-23 10:00:42 +1100


Started GET "/assets/application.js?body=1" for ::1 at 2015-02-23 10:00:42 +1100


Started GET "/articles/new" for ::1 at 2015-02-23 10:00:44 +1100
Processing by ArticlesController#new as HTML
  Rendered articles/_form.html.erb (2.1ms)
  Rendered articles/new.html.erb within layouts/application (6.7ms)
Completed 200 OK in 86ms (Views: 84.9ms | ActiveRecord: 0.0ms)
